adamm
afeinberg
aflournoy
aghandak
alee
alexsmith
aloveless
amk
anovoa
aprilv
avieyra
bday
bekbatani
bherring
blopez
britton
broggio
bryancdixon
btseng
carneroj
cbauer
cbonfil
cgriggs
chhsu
chmorris
christopher
cjapp
clark
cpereiracalado
csaunders
csquellati
cwagoner
daoyagi
dcroft
deschmid
dgislon
dmarcy
drivera
drralph
dshirah
dword
dxcheng
dzeichick
ediaz
edog
eyharris
fayek
fpereira
fyousif
garciaantonio
gardiner
gcarvalhoperei
gesick
gkallio
glee
gvert
gwatkins
hbahl
hilzer
hma
jbartel
jchoi
jdahlgren
jescutia
jforrester
jgarcia
jhouston
jlewis
jmstrait
jnordella
jordanmlayman
jpgreene
jpinto
jppozzi
jraigoza
jscolaro
jtan
judyc
julia
juliano
kaglee
kbuffardi
kent
kkredo
kldavis
kristina
kschenk
lbrown
leek
len
lfallscheer
lfarrell
lmills
lost+found
luk
macritc
mannion
matthewtarr
mcampbell
mcervantes
mdaras
melody
mguerraalvesmi
mhubrig
michael
mjohnson
msilvaandrade
msimkins
msolorio
msutton
murphy
mward
mwood
nluu
nnamdi
nseabourn
oduru
omendoza
paul
pguardado
rameshv
ranger
rbessette
rcomfort
rduong
renner
repanich
rgaikwad
rhenning
ringel
rodmur
rpairman
rpike
rrosenbrook
rroth
rrummell
rsaito
sampsonbryce
sangel
sbrogden
sdoshi
seckart
sgeorge
sim
singha
sknudsen
smehl
smoore
ssheppard
tbrannon
tgibson
thartland
tlau
tlo
tyson
vabreo
vertolli
wcortez
wrjohnson
yto
zenor
zmchatton
